{"/Users/jorgepires/go/src/github.com/jorgepgomes/App-GoBarber-FrontEnd-Mobile/src/components/Button/index.tsx": {"path":"/Users/jorgepires/go/src/github.com/jorgepgomes/App-GoBarber-FrontEnd-Mobile/src/components/Button/index.tsx","statementMap":{"0":{"start":{"line":10,"column":38},"end":{"line":16,"column":1}},"1":{"start":{"line":11,"column":2},"end":{"line":15,"column":4}}},"fnMap":{"0":{"name":"(anonymous_0)","decl":{"start":{"line":10,"column":38},"end":{"line":10,"column":39}},"loc":{"start":{"line":10,"column":65},"end":{"line":16,"column":1}},"line":10}},"branchMap":{},"s":{"0":1,"1":1},"f":{"0":1},"b":{},"_coverageSchema":"1a1c01bbd47fc00a2c39e90264f33305004495a9","hash":"6643750aabe7f41b016f067c24d565b6c2640cf6"}
,"/Users/jorgepires/go/src/github.com/jorgepgomes/App-GoBarber-FrontEnd-Mobile/src/components/Input/index.tsx": {"path":"/Users/jorgepires/go/src/github.com/jorgepgomes/App-GoBarber-FrontEnd-Mobile/src/components/Input/index.tsx","statementMap":{"0":{"start":{"line":28,"column":68},"end":{"line":91,"column":1}},"1":{"start":{"line":32,"column":26},"end":{"line":32,"column":43}},"2":{"start":{"line":34,"column":65},"end":{"line":34,"column":79}},"3":{"start":{"line":35,"column":24},"end":{"line":35,"column":76}},"4":{"start":{"line":37,"column":36},"end":{"line":37,"column":51}},"5":{"start":{"line":38,"column":34},"end":{"line":38,"column":49}},"6":{"start":{"line":40,"column":27},"end":{"line":42,"column":8}},"7":{"start":{"line":41,"column":4},"end":{"line":41,"column":23}},"8":{"start":{"line":44,"column":26},"end":{"line":48,"column":8}},"9":{"start":{"line":45,"column":4},"end":{"line":45,"column":24}},"10":{"start":{"line":47,"column":4},"end":{"line":47,"column":47}},"11":{"start":{"line":49,"column":2},"end":{"line":53,"column":6}},"12":{"start":{"line":49,"column":34},"end":{"line":53,"column":3}},"13":{"start":{"line":51,"column":6},"end":{"line":51,"column":38}},"14":{"start":{"line":54,"column":2},"end":{"line":68,"column":33}},"15":{"start":{"line":55,"column":4},"end":{"line":67,"column":7}},"16":{"start":{"line":60,"column":8},"end":{"line":60,"column":46}},"17":{"start":{"line":61,"column":8},"end":{"line":61,"column":64}},"18":{"start":{"line":64,"column":8},"end":{"line":64,"column":43}},"19":{"start":{"line":65,"column":8},"end":{"line":65,"column":40}},"20":{"start":{"line":70,"column":2},"end":{"line":90,"column":4}},"21":{"start":{"line":83,"column":10},"end":{"line":83,"column":46}}},"fnMap":{"0":{"name":"(anonymous_0)","decl":{"start":{"line":28,"column":68},"end":{"line":28,"column":69}},"loc":{"start":{"line":31,"column":5},"end":{"line":91,"column":1}},"line":31},"1":{"name":"(anonymous_1)","decl":{"start":{"line":40,"column":39},"end":{"line":40,"column":40}},"loc":{"start":{"line":40,"column":45},"end":{"line":42,"column":3}},"line":40},"2":{"name":"(anonymous_2)","decl":{"start":{"line":44,"column":38},"end":{"line":44,"column":39}},"loc":{"start":{"line":44,"column":44},"end":{"line":48,"column":3}},"line":44},"3":{"name":"(anonymous_3)","decl":{"start":{"line":49,"column":27},"end":{"line":49,"column":28}},"loc":{"start":{"line":49,"column":34},"end":{"line":53,"column":3}},"line":49},"4":{"name":"(anonymous_4)","decl":{"start":{"line":50,"column":4},"end":{"line":50,"column":5}},"loc":{"start":{"line":50,"column":12},"end":{"line":52,"column":5}},"line":50},"5":{"name":"(anonymous_5)","decl":{"start":{"line":54,"column":12},"end":{"line":54,"column":13}},"loc":{"start":{"line":54,"column":18},"end":{"line":68,"column":3}},"line":54},"6":{"name":"(anonymous_6)","decl":{"start":{"line":59,"column":6},"end":{"line":59,"column":7}},"loc":{"start":{"line":59,"column":32},"end":{"line":62,"column":7}},"line":59},"7":{"name":"(anonymous_7)","decl":{"start":{"line":63,"column":6},"end":{"line":63,"column":7}},"loc":{"start":{"line":63,"column":19},"end":{"line":66,"column":7}},"line":63},"8":{"name":"(anonymous_8)","decl":{"start":{"line":82,"column":22},"end":{"line":82,"column":23}},"loc":{"start":{"line":82,"column":33},"end":{"line":84,"column":9}},"line":82}},"branchMap":{"0":{"loc":{"start":{"line":29,"column":16},"end":{"line":29,"column":35}},"type":"default-arg","locations":[{"start":{"line":29,"column":33},"end":{"line":29,"column":35}}],"line":29},"1":{"loc":{"start":{"line":34,"column":25},"end":{"line":34,"column":42}},"type":"default-arg","locations":[{"start":{"line":34,"column":40},"end":{"line":34,"column":42}}],"line":34},"2":{"loc":{"start":{"line":75,"column":15},"end":{"line":75,"column":60}},"type":"cond-expr","locations":[{"start":{"line":75,"column":39},"end":{"line":75,"column":48}},{"start":{"line":75,"column":51},"end":{"line":75,"column":60}}],"line":75},"3":{"loc":{"start":{"line":75,"column":15},"end":{"line":75,"column":36}},"type":"binary-expr","locations":[{"start":{"line":75,"column":15},"end":{"line":75,"column":24}},{"start":{"line":75,"column":28},"end":{"line":75,"column":36}}],"line":75}},"s":{"0":1,"1":2,"2":2,"3":2,"4":2,"5":2,"6":2,"7":0,"8":2,"9":0,"10":0,"11":2,"12":1,"13":0,"14":2,"15":2,"16":0,"17":0,"18":0,"19":0,"20":2,"21":0},"f":{"0":2,"1":0,"2":0,"3":1,"4":0,"5":2,"6":0,"7":0,"8":0},"b":{"0":[2],"1":[2],"2":[0,2],"3":[2,2]},"_coverageSchema":"1a1c01bbd47fc00a2c39e90264f33305004495a9","hash":"a6321eadaf96e4c2a19c05c733b603f369253685"}
,"/Users/jorgepires/go/src/github.com/jorgepgomes/App-GoBarber-FrontEnd-Mobile/src/hooks/auth.tsx": {"path":"/Users/jorgepires/go/src/github.com/jorgepgomes/App-GoBarber-FrontEnd-Mobile/src/hooks/auth.tsx","statementMap":{"0":{"start":{"line":35,"column":20},"end":{"line":35,"column":73}},"1":{"start":{"line":37,"column":38},"end":{"line":97,"column":1}},"2":{"start":{"line":38,"column":26},"end":{"line":38,"column":62}},"3":{"start":{"line":39,"column":32},"end":{"line":39,"column":46}},"4":{"start":{"line":41,"column":2},"end":{"line":55,"column":9}},"5":{"start":{"line":43,"column":28},"end":{"line":46,"column":8}},"6":{"start":{"line":47,"column":6},"end":{"line":51,"column":7}},"7":{"start":{"line":48,"column":8},"end":{"line":48,"column":66}},"8":{"start":{"line":50,"column":8},"end":{"line":50,"column":64}},"9":{"start":{"line":52,"column":6},"end":{"line":52,"column":24}},"10":{"start":{"line":54,"column":4},"end":{"line":54,"column":22}},"11":{"start":{"line":57,"column":17},"end":{"line":70,"column":8}},"12":{"start":{"line":58,"column":21},"end":{"line":58,"column":68}},"13":{"start":{"line":60,"column":28},"end":{"line":60,"column":41}},"14":{"start":{"line":62,"column":4},"end":{"line":65,"column":7}},"15":{"start":{"line":67,"column":4},"end":{"line":67,"column":59}},"16":{"start":{"line":69,"column":4},"end":{"line":69,"column":29}},"17":{"start":{"line":72,"column":18},"end":{"line":76,"column":8}},"18":{"start":{"line":73,"column":4},"end":{"line":73,"column":74}},"19":{"start":{"line":75,"column":4},"end":{"line":75,"column":29}},"20":{"start":{"line":78,"column":21},"end":{"line":88,"column":3}},"21":{"start":{"line":80,"column":6},"end":{"line":80,"column":73}},"22":{"start":{"line":82,"column":6},"end":{"line":85,"column":9}},"23":{"start":{"line":90,"column":2},"end":{"line":96,"column":4}},"24":{"start":{"line":100,"column":18},"end":{"line":100,"column":41}},"25":{"start":{"line":102,"column":2},"end":{"line":104,"column":3}},"26":{"start":{"line":103,"column":4},"end":{"line":103,"column":67}},"27":{"start":{"line":106,"column":2},"end":{"line":106,"column":17}}},"fnMap":{"0":{"name":"(anonymous_0)","decl":{"start":{"line":37,"column":38},"end":{"line":37,"column":39}},"loc":{"start":{"line":37,"column":56},"end":{"line":97,"column":1}},"line":37},"1":{"name":"(anonymous_1)","decl":{"start":{"line":41,"column":12},"end":{"line":41,"column":13}},"loc":{"start":{"line":41,"column":18},"end":{"line":55,"column":3}},"line":41},"2":{"name":"loadStorageData","decl":{"start":{"line":42,"column":19},"end":{"line":42,"column":34}},"loc":{"start":{"line":42,"column":52},"end":{"line":53,"column":5}},"line":42},"3":{"name":"(anonymous_3)","decl":{"start":{"line":57,"column":29},"end":{"line":57,"column":30}},"loc":{"start":{"line":57,"column":60},"end":{"line":70,"column":3}},"line":57},"4":{"name":"(anonymous_4)","decl":{"start":{"line":72,"column":30},"end":{"line":72,"column":31}},"loc":{"start":{"line":72,"column":42},"end":{"line":76,"column":3}},"line":72},"5":{"name":"(anonymous_5)","decl":{"start":{"line":79,"column":4},"end":{"line":79,"column":5}},"loc":{"start":{"line":79,"column":26},"end":{"line":86,"column":5}},"line":79},"6":{"name":"useAuth","decl":{"start":{"line":99,"column":16},"end":{"line":99,"column":23}},"loc":{"start":{"line":99,"column":43},"end":{"line":107,"column":1}},"line":99}},"branchMap":{"0":{"loc":{"start":{"line":47,"column":6},"end":{"line":51,"column":7}},"type":"if","locations":[{"start":{"line":47,"column":6},"end":{"line":51,"column":7}},{"start":{"line":47,"column":6},"end":{"line":51,"column":7}}],"line":47},"1":{"loc":{"start":{"line":47,"column":10},"end":{"line":47,"column":29}},"type":"binary-expr","locations":[{"start":{"line":47,"column":10},"end":{"line":47,"column":18}},{"start":{"line":47,"column":22},"end":{"line":47,"column":29}}],"line":47},"2":{"loc":{"start":{"line":102,"column":2},"end":{"line":104,"column":3}},"type":"if","locations":[{"start":{"line":102,"column":2},"end":{"line":104,"column":3}},{"start":{"line":102,"column":2},"end":{"line":104,"column":3}}],"line":102}},"s":{"0":1,"1":1,"2":0,"3":0,"4":0,"5":0,"6":0,"7":0,"8":0,"9":0,"10":0,"11":0,"12":0,"13":0,"14":0,"15":0,"16":0,"17":0,"18":0,"19":0,"20":0,"21":0,"22":0,"23":0,"24":1,"25":1,"26":0,"27":1},"f":{"0":0,"1":0,"2":0,"3":0,"4":0,"5":0,"6":1},"b":{"0":[0,0],"1":[0,0],"2":[0,1]},"_coverageSchema":"1a1c01bbd47fc00a2c39e90264f33305004495a9","hash":"25842bb0b2b68fc9e5513667778fa5d15d26a5e1"}
,"/Users/jorgepires/go/src/github.com/jorgepgomes/App-GoBarber-FrontEnd-Mobile/src/pages/AppointmentCreated/index.tsx": {"path":"/Users/jorgepires/go/src/github.com/jorgepgomes/App-GoBarber-FrontEnd-Mobile/src/pages/AppointmentCreated/index.tsx","statementMap":{"0":{"start":{"line":19,"column":37},"end":{"line":55,"column":1}},"1":{"start":{"line":20,"column":20},"end":{"line":20,"column":35}},"2":{"start":{"line":21,"column":21},"end":{"line":21,"column":31}},"3":{"start":{"line":23,"column":22},"end":{"line":23,"column":43}},"4":{"start":{"line":25,"column":26},"end":{"line":34,"column":13}},"5":{"start":{"line":26,"column":4},"end":{"line":33,"column":7}},"6":{"start":{"line":36,"column":24},"end":{"line":42,"column":8}},"7":{"start":{"line":37,"column":4},"end":{"line":41,"column":6}},"8":{"start":{"line":44,"column":2},"end":{"line":54,"column":4}}},"fnMap":{"0":{"name":"(anonymous_0)","decl":{"start":{"line":19,"column":37},"end":{"line":19,"column":38}},"loc":{"start":{"line":19,"column":43},"end":{"line":55,"column":1}},"line":19},"1":{"name":"(anonymous_1)","decl":{"start":{"line":25,"column":38},"end":{"line":25,"column":39}},"loc":{"start":{"line":25,"column":44},"end":{"line":34,"column":3}},"line":25},"2":{"name":"(anonymous_2)","decl":{"start":{"line":36,"column":32},"end":{"line":36,"column":33}},"loc":{"start":{"line":36,"column":38},"end":{"line":42,"column":3}},"line":36}},"branchMap":{},"s":{"0":0,"1":0,"2":0,"3":0,"4":0,"5":0,"6":0,"7":0,"8":0},"f":{"0":0,"1":0,"2":0},"b":{}}
,"/Users/jorgepires/go/src/github.com/jorgepgomes/App-GoBarber-FrontEnd-Mobile/src/pages/CreateAppointment/index.tsx": {"path":"/Users/jorgepires/go/src/github.com/jorgepgomes/App-GoBarber-FrontEnd-Mobile/src/pages/CreateAppointment/index.tsx","statementMap":{"0":{"start":{"line":51,"column":36},"end":{"line":262,"column":1}},"1":{"start":{"line":52,"column":19},"end":{"line":52,"column":28}},"2":{"start":{"line":53,"column":16},"end":{"line":53,"column":26}},"3":{"start":{"line":54,"column":31},"end":{"line":54,"column":46}},"4":{"start":{"line":55,"column":22},"end":{"line":55,"column":50}},"5":{"start":{"line":57,"column":46},"end":{"line":57,"column":61}},"6":{"start":{"line":58,"column":36},"end":{"line":58,"column":60}},"7":{"start":{"line":59,"column":50},"end":{"line":61,"column":3}},"8":{"start":{"line":62,"column":42},"end":{"line":62,"column":62}},"9":{"start":{"line":63,"column":42},"end":{"line":63,"column":53}},"10":{"start":{"line":64,"column":42},"end":{"line":64,"column":74}},"11":{"start":{"line":66,"column":2},"end":{"line":73,"column":9}},"12":{"start":{"line":67,"column":4},"end":{"line":72,"column":26}},"13":{"start":{"line":70,"column":8},"end":{"line":70,"column":36}},"14":{"start":{"line":75,"column":2},"end":{"line":87,"column":39}},"15":{"start":{"line":76,"column":4},"end":{"line":86,"column":9}},"16":{"start":{"line":85,"column":8},"end":{"line":85,"column":39}},"17":{"start":{"line":89,"column":23},"end":{"line":91,"column":14}},"18":{"start":{"line":90,"column":4},"end":{"line":90,"column":13}},"19":{"start":{"line":93,"column":31},"end":{"line":95,"column":8}},"20":{"start":{"line":94,"column":4},"end":{"line":94,"column":36}},"21":{"start":{"line":97,"column":33},"end":{"line":99,"column":8}},"22":{"start":{"line":98,"column":4},"end":{"line":98,"column":41}},"23":{"start":{"line":98,"column":33},"end":{"line":98,"column":39}},"24":{"start":{"line":101,"column":28},"end":{"line":108,"column":3}},"25":{"start":{"line":103,"column":6},"end":{"line":103,"column":62}},"26":{"start":{"line":103,"column":37},"end":{"line":103,"column":62}},"27":{"start":{"line":105,"column":6},"end":{"line":105,"column":38}},"28":{"start":{"line":105,"column":16},"end":{"line":105,"column":38}},"29":{"start":{"line":110,"column":27},"end":{"line":112,"column":8}},"30":{"start":{"line":111,"column":4},"end":{"line":111,"column":26}},"31":{"start":{"line":114,"column":30},"end":{"line":124,"column":20}},"32":{"start":{"line":115,"column":4},"end":{"line":123,"column":9}},"33":{"start":{"line":116,"column":28},"end":{"line":116,"column":37}},"34":{"start":{"line":118,"column":8},"end":{"line":122,"column":10}},"35":{"start":{"line":126,"column":32},"end":{"line":136,"column":20}},"36":{"start":{"line":127,"column":4},"end":{"line":135,"column":9}},"37":{"start":{"line":128,"column":28},"end":{"line":128,"column":38}},"38":{"start":{"line":130,"column":8},"end":{"line":134,"column":10}},"39":{"start":{"line":138,"column":34},"end":{"line":157,"column":62}},"40":{"start":{"line":139,"column":4},"end":{"line":156,"column":5}},"41":{"start":{"line":140,"column":19},"end":{"line":140,"column":41}},"42":{"start":{"line":142,"column":6},"end":{"line":142,"column":34}},"43":{"start":{"line":143,"column":6},"end":{"line":143,"column":25}},"44":{"start":{"line":145,"column":6},"end":{"line":148,"column":9}},"45":{"start":{"line":150,"column":6},"end":{"line":150,"column":63}},"46":{"start":{"line":152,"column":6},"end":{"line":155,"column":8}},"47":{"start":{"line":159,"column":2},"end":{"line":261,"column":4}},"48":{"start":{"line":177,"column":40},"end":{"line":177,"column":51}},"49":{"start":{"line":179,"column":14},"end":{"line":187,"column":34}},"50":{"start":{"line":181,"column":31},"end":{"line":181,"column":64}},"51":{"start":{"line":219,"column":16},"end":{"line":229,"column":23}},"52":{"start":{"line":222,"column":33},"end":{"line":222,"column":55}},"53":{"start":{"line":239,"column":18},"end":{"line":249,"column":25}},"54":{"start":{"line":242,"column":35},"end":{"line":242,"column":57}}},"fnMap":{"0":{"name":"(anonymous_0)","decl":{"start":{"line":51,"column":36},"end":{"line":51,"column":37}},"loc":{"start":{"line":51,"column":42},"end":{"line":262,"column":1}},"line":51},"1":{"name":"(anonymous_1)","decl":{"start":{"line":66,"column":12},"end":{"line":66,"column":13}},"loc":{"start":{"line":66,"column":18},"end":{"line":73,"column":3}},"line":66},"2":{"name":"(anonymous_2)","decl":{"start":{"line":69,"column":12},"end":{"line":69,"column":13}},"loc":{"start":{"line":69,"column":26},"end":{"line":71,"column":7}},"line":69},"3":{"name":"(anonymous_3)","decl":{"start":{"line":75,"column":12},"end":{"line":75,"column":13}},"loc":{"start":{"line":75,"column":18},"end":{"line":87,"column":3}},"line":75},"4":{"name":"(anonymous_4)","decl":{"start":{"line":84,"column":12},"end":{"line":84,"column":13}},"loc":{"start":{"line":84,"column":26},"end":{"line":86,"column":7}},"line":84},"5":{"name":"(anonymous_5)","decl":{"start":{"line":89,"column":35},"end":{"line":89,"column":36}},"loc":{"start":{"line":89,"column":41},"end":{"line":91,"column":3}},"line":89},"6":{"name":"(anonymous_6)","decl":{"start":{"line":93,"column":43},"end":{"line":93,"column":44}},"loc":{"start":{"line":93,"column":67},"end":{"line":95,"column":3}},"line":93},"7":{"name":"(anonymous_7)","decl":{"start":{"line":97,"column":45},"end":{"line":97,"column":46}},"loc":{"start":{"line":97,"column":51},"end":{"line":99,"column":3}},"line":97},"8":{"name":"(anonymous_8)","decl":{"start":{"line":98,"column":22},"end":{"line":98,"column":23}},"loc":{"start":{"line":98,"column":33},"end":{"line":98,"column":39}},"line":98},"9":{"name":"(anonymous_9)","decl":{"start":{"line":102,"column":4},"end":{"line":102,"column":5}},"loc":{"start":{"line":102,"column":44},"end":{"line":106,"column":5}},"line":102},"10":{"name":"(anonymous_10)","decl":{"start":{"line":110,"column":39},"end":{"line":110,"column":40}},"loc":{"start":{"line":110,"column":57},"end":{"line":112,"column":3}},"line":110},"11":{"name":"(anonymous_11)","decl":{"start":{"line":114,"column":38},"end":{"line":114,"column":39}},"loc":{"start":{"line":114,"column":44},"end":{"line":124,"column":3}},"line":114},"12":{"name":"(anonymous_12)","decl":{"start":{"line":116,"column":14},"end":{"line":116,"column":15}},"loc":{"start":{"line":116,"column":28},"end":{"line":116,"column":37}},"line":116},"13":{"name":"(anonymous_13)","decl":{"start":{"line":117,"column":11},"end":{"line":117,"column":12}},"loc":{"start":{"line":117,"column":36},"end":{"line":123,"column":7}},"line":117},"14":{"name":"(anonymous_14)","decl":{"start":{"line":126,"column":40},"end":{"line":126,"column":41}},"loc":{"start":{"line":126,"column":46},"end":{"line":136,"column":3}},"line":126},"15":{"name":"(anonymous_15)","decl":{"start":{"line":128,"column":14},"end":{"line":128,"column":15}},"loc":{"start":{"line":128,"column":28},"end":{"line":128,"column":38}},"line":128},"16":{"name":"(anonymous_16)","decl":{"start":{"line":129,"column":11},"end":{"line":129,"column":12}},"loc":{"start":{"line":129,"column":36},"end":{"line":135,"column":7}},"line":129},"17":{"name":"(anonymous_17)","decl":{"start":{"line":138,"column":46},"end":{"line":138,"column":47}},"loc":{"start":{"line":138,"column":58},"end":{"line":157,"column":3}},"line":138},"18":{"name":"(anonymous_18)","decl":{"start":{"line":177,"column":26},"end":{"line":177,"column":27}},"loc":{"start":{"line":177,"column":40},"end":{"line":177,"column":51}},"line":177},"19":{"name":"(anonymous_19)","decl":{"start":{"line":178,"column":24},"end":{"line":178,"column":25}},"loc":{"start":{"line":179,"column":14},"end":{"line":187,"column":34}},"line":179},"20":{"name":"(anonymous_20)","decl":{"start":{"line":181,"column":25},"end":{"line":181,"column":26}},"loc":{"start":{"line":181,"column":31},"end":{"line":181,"column":64}},"line":181},"21":{"name":"(anonymous_21)","decl":{"start":{"line":218,"column":39},"end":{"line":218,"column":40}},"loc":{"start":{"line":219,"column":16},"end":{"line":229,"column":23}},"line":219},"22":{"name":"(anonymous_22)","decl":{"start":{"line":222,"column":27},"end":{"line":222,"column":28}},"loc":{"start":{"line":222,"column":33},"end":{"line":222,"column":55}},"line":222},"23":{"name":"(anonymous_23)","decl":{"start":{"line":238,"column":16},"end":{"line":238,"column":17}},"loc":{"start":{"line":239,"column":18},"end":{"line":249,"column":25}},"line":239},"24":{"name":"(anonymous_24)","decl":{"start":{"line":242,"column":29},"end":{"line":242,"column":30}},"loc":{"start":{"line":242,"column":35},"end":{"line":242,"column":57}},"line":242}},"branchMap":{"0":{"loc":{"start":{"line":103,"column":6},"end":{"line":103,"column":62}},"type":"if","locations":[{"start":{"line":103,"column":6},"end":{"line":103,"column":62}},{"start":{"line":103,"column":6},"end":{"line":103,"column":62}}],"line":103},"1":{"loc":{"start":{"line":105,"column":6},"end":{"line":105,"column":38}},"type":"if","locations":[{"start":{"line":105,"column":6},"end":{"line":105,"column":38}},{"start":{"line":105,"column":6},"end":{"line":105,"column":38}}],"line":105},"2":{"loc":{"start":{"line":201,"column":11},"end":{"line":209,"column":11}},"type":"binary-expr","locations":[{"start":{"line":201,"column":11},"end":{"line":201,"column":25}},{"start":{"line":202,"column":12},"end":{"line":208,"column":14}}],"line":201}},"s":{"0":0,"1":0,"2":0,"3":0,"4":0,"5":0,"6":0,"7":0,"8":0,"9":0,"10":0,"11":0,"12":0,"13":0,"14":0,"15":0,"16":0,"17":0,"18":0,"19":0,"20":0,"21":0,"22":0,"23":0,"24":0,"25":0,"26":0,"27":0,"28":0,"29":0,"30":0,"31":0,"32":0,"33":0,"34":0,"35":0,"36":0,"37":0,"38":0,"39":0,"40":0,"41":0,"42":0,"43":0,"44":0,"45":0,"46":0,"47":0,"48":0,"49":0,"50":0,"51":0,"52":0,"53":0,"54":0},"f":{"0":0,"1":0,"2":0,"3":0,"4":0,"5":0,"6":0,"7":0,"8":0,"9":0,"10":0,"11":0,"12":0,"13":0,"14":0,"15":0,"16":0,"17":0,"18":0,"19":0,"20":0,"21":0,"22":0,"23":0,"24":0},"b":{"0":[0,0],"1":[0,0],"2":[0,0]}}
,"/Users/jorgepires/go/src/github.com/jorgepgomes/App-GoBarber-FrontEnd-Mobile/src/pages/Dashboard/index.tsx": {"path":"/Users/jorgepires/go/src/github.com/jorgepgomes/App-GoBarber-FrontEnd-Mobile/src/pages/Dashboard/index.tsx","statementMap":{"0":{"start":{"line":30,"column":28},"end":{"line":98,"column":1}},"1":{"start":{"line":31,"column":36},"end":{"line":31,"column":60}},"2":{"start":{"line":33,"column":28},"end":{"line":33,"column":37}},"3":{"start":{"line":34,"column":23},"end":{"line":34,"column":38}},"4":{"start":{"line":36,"column":2},"end":{"line":43,"column":9}},"5":{"start":{"line":37,"column":4},"end":{"line":42,"column":26}},"6":{"start":{"line":40,"column":8},"end":{"line":40,"column":36}},"7":{"start":{"line":45,"column":28},"end":{"line":47,"column":16}},"8":{"start":{"line":46,"column":4},"end":{"line":46,"column":24}},"9":{"start":{"line":49,"column":38},"end":{"line":54,"column":3}},"10":{"start":{"line":51,"column":6},"end":{"line":51,"column":52}},"11":{"start":{"line":56,"column":2},"end":{"line":97,"column":4}},"12":{"start":{"line":70,"column":36},"end":{"line":70,"column":47}},"13":{"start":{"line":75,"column":10},"end":{"line":93,"column":30}},"14":{"start":{"line":76,"column":27},"end":{"line":76,"column":67}}},"fnMap":{"0":{"name":"(anonymous_0)","decl":{"start":{"line":30,"column":28},"end":{"line":30,"column":29}},"loc":{"start":{"line":30,"column":34},"end":{"line":98,"column":1}},"line":30},"1":{"name":"(anonymous_1)","decl":{"start":{"line":36,"column":12},"end":{"line":36,"column":13}},"loc":{"start":{"line":36,"column":18},"end":{"line":43,"column":3}},"line":36},"2":{"name":"(anonymous_2)","decl":{"start":{"line":39,"column":12},"end":{"line":39,"column":13}},"loc":{"start":{"line":39,"column":26},"end":{"line":41,"column":7}},"line":39},"3":{"name":"(anonymous_3)","decl":{"start":{"line":45,"column":40},"end":{"line":45,"column":41}},"loc":{"start":{"line":45,"column":46},"end":{"line":47,"column":3}},"line":45},"4":{"name":"(anonymous_4)","decl":{"start":{"line":50,"column":4},"end":{"line":50,"column":5}},"loc":{"start":{"line":50,"column":28},"end":{"line":52,"column":5}},"line":50},"5":{"name":"(anonymous_5)","decl":{"start":{"line":70,"column":22},"end":{"line":70,"column":23}},"loc":{"start":{"line":70,"column":36},"end":{"line":70,"column":47}},"line":70},"6":{"name":"(anonymous_6)","decl":{"start":{"line":74,"column":20},"end":{"line":74,"column":21}},"loc":{"start":{"line":75,"column":10},"end":{"line":93,"column":30}},"line":75},"7":{"name":"(anonymous_7)","decl":{"start":{"line":76,"column":21},"end":{"line":76,"column":22}},"loc":{"start":{"line":76,"column":27},"end":{"line":76,"column":67}},"line":76}},"branchMap":{},"s":{"0":0,"1":0,"2":0,"3":0,"4":0,"5":0,"6":0,"7":0,"8":0,"9":0,"10":0,"11":0,"12":0,"13":0,"14":0},"f":{"0":0,"1":0,"2":0,"3":0,"4":0,"5":0,"6":0,"7":0},"b":{}}
,"/Users/jorgepires/go/src/github.com/jorgepgomes/App-GoBarber-FrontEnd-Mobile/src/pages/Profile/index.tsx": {"path":"/Users/jorgepires/go/src/github.com/jorgepgomes/App-GoBarber-FrontEnd-Mobile/src/pages/Profile/index.tsx","statementMap":{"0":{"start":{"line":39,"column":26},"end":{"line":233,"column":1}},"1":{"start":{"line":40,"column":31},"end":{"line":40,"column":40}},"2":{"start":{"line":42,"column":18},"end":{"line":42,"column":43}},"3":{"start":{"line":43,"column":21},"end":{"line":43,"column":36}},"4":{"start":{"line":45,"column":24},"end":{"line":45,"column":47}},"5":{"start":{"line":46,"column":30},"end":{"line":46,"column":53}},"6":{"start":{"line":47,"column":27},"end":{"line":47,"column":50}},"7":{"start":{"line":48,"column":34},"end":{"line":48,"column":57}},"8":{"start":{"line":50,"column":28},"end":{"line":116,"column":3}},"9":{"start":{"line":52,"column":6},"end":{"line":113,"column":7}},"10":{"start":{"line":53,"column":8},"end":{"line":53,"column":39}},"11":{"start":{"line":54,"column":23},"end":{"line":72,"column":10}},"12":{"start":{"line":61,"column":25},"end":{"line":61,"column":37}},"13":{"start":{"line":67,"column":27},"end":{"line":67,"column":39}},"14":{"start":{"line":80,"column":12},"end":{"line":80,"column":16}},"15":{"start":{"line":82,"column":25},"end":{"line":92,"column":9}},"16":{"start":{"line":94,"column":8},"end":{"line":94,"column":59}},"17":{"start":{"line":96,"column":25},"end":{"line":96,"column":60}},"18":{"start":{"line":97,"column":8},"end":{"line":97,"column":34}},"19":{"start":{"line":99,"column":8},"end":{"line":99,"column":54}},"20":{"start":{"line":101,"column":8},"end":{"line":101,"column":28}},"21":{"start":{"line":103,"column":8},"end":{"line":107,"column":9}},"22":{"start":{"line":104,"column":25},"end":{"line":104,"column":49}},"23":{"start":{"line":105,"column":10},"end":{"line":105,"column":45}},"24":{"start":{"line":106,"column":10},"end":{"line":106,"column":17}},"25":{"start":{"line":109,"column":8},"end":{"line":112,"column":10}},"26":{"start":{"line":118,"column":29},"end":{"line":139,"column":27}},"27":{"start":{"line":119,"column":4},"end":{"line":138,"column":7}},"28":{"start":{"line":120,"column":6},"end":{"line":120,"column":37}},"29":{"start":{"line":120,"column":30},"end":{"line":120,"column":37}},"30":{"start":{"line":122,"column":6},"end":{"line":125,"column":7}},"31":{"start":{"line":123,"column":8},"end":{"line":123,"column":52}},"32":{"start":{"line":124,"column":8},"end":{"line":124,"column":15}},"33":{"start":{"line":127,"column":19},"end":{"line":127,"column":33}},"34":{"start":{"line":129,"column":6},"end":{"line":133,"column":9}},"35":{"start":{"line":135,"column":6},"end":{"line":137,"column":9}},"36":{"start":{"line":136,"column":8},"end":{"line":136,"column":37}},"37":{"start":{"line":141,"column":23},"end":{"line":143,"column":18}},"38":{"start":{"line":142,"column":4},"end":{"line":142,"column":24}},"39":{"start":{"line":145,"column":2},"end":{"line":232,"column":4}},"40":{"start":{"line":175,"column":39},"end":{"line":175,"column":69}},"41":{"start":{"line":187,"column":39},"end":{"line":187,"column":75}},"42":{"start":{"line":199,"column":39},"end":{"line":199,"column":72}},"43":{"start":{"line":210,"column":39},"end":{"line":210,"column":79}},"44":{"start":{"line":221,"column":39},"end":{"line":221,"column":68}},"45":{"start":{"line":224,"column":37},"end":{"line":224,"column":66}}},"fnMap":{"0":{"name":"(anonymous_0)","decl":{"start":{"line":39,"column":26},"end":{"line":39,"column":27}},"loc":{"start":{"line":39,"column":32},"end":{"line":233,"column":1}},"line":39},"1":{"name":"(anonymous_1)","decl":{"start":{"line":51,"column":4},"end":{"line":51,"column":5}},"loc":{"start":{"line":51,"column":37},"end":{"line":114,"column":5}},"line":51},"2":{"name":"(anonymous_2)","decl":{"start":{"line":61,"column":16},"end":{"line":61,"column":17}},"loc":{"start":{"line":61,"column":25},"end":{"line":61,"column":37}},"line":61},"3":{"name":"(anonymous_3)","decl":{"start":{"line":67,"column":18},"end":{"line":67,"column":19}},"loc":{"start":{"line":67,"column":27},"end":{"line":67,"column":39}},"line":67},"4":{"name":"(anonymous_4)","decl":{"start":{"line":118,"column":41},"end":{"line":118,"column":42}},"loc":{"start":{"line":118,"column":47},"end":{"line":139,"column":3}},"line":118},"5":{"name":"(anonymous_5)","decl":{"start":{"line":119,"column":47},"end":{"line":119,"column":48}},"loc":{"start":{"line":119,"column":61},"end":{"line":138,"column":5}},"line":119},"6":{"name":"(anonymous_6)","decl":{"start":{"line":135,"column":43},"end":{"line":135,"column":44}},"loc":{"start":{"line":135,"column":60},"end":{"line":137,"column":7}},"line":135},"7":{"name":"(anonymous_7)","decl":{"start":{"line":141,"column":35},"end":{"line":141,"column":36}},"loc":{"start":{"line":141,"column":41},"end":{"line":143,"column":3}},"line":141},"8":{"name":"(anonymous_8)","decl":{"start":{"line":175,"column":33},"end":{"line":175,"column":34}},"loc":{"start":{"line":175,"column":39},"end":{"line":175,"column":69}},"line":175},"9":{"name":"(anonymous_9)","decl":{"start":{"line":187,"column":33},"end":{"line":187,"column":34}},"loc":{"start":{"line":187,"column":39},"end":{"line":187,"column":75}},"line":187},"10":{"name":"(anonymous_10)","decl":{"start":{"line":199,"column":33},"end":{"line":199,"column":34}},"loc":{"start":{"line":199,"column":39},"end":{"line":199,"column":72}},"line":199},"11":{"name":"(anonymous_11)","decl":{"start":{"line":210,"column":33},"end":{"line":210,"column":34}},"loc":{"start":{"line":210,"column":39},"end":{"line":210,"column":79}},"line":210},"12":{"name":"(anonymous_12)","decl":{"start":{"line":221,"column":33},"end":{"line":221,"column":34}},"loc":{"start":{"line":221,"column":39},"end":{"line":221,"column":68}},"line":221},"13":{"name":"(anonymous_13)","decl":{"start":{"line":224,"column":31},"end":{"line":224,"column":32}},"loc":{"start":{"line":224,"column":37},"end":{"line":224,"column":66}},"line":224}},"branchMap":{"0":{"loc":{"start":{"line":85,"column":14},"end":{"line":91,"column":16}},"type":"cond-expr","locations":[{"start":{"line":86,"column":14},"end":{"line":90,"column":15}},{"start":{"line":91,"column":14},"end":{"line":91,"column":16}}],"line":85},"1":{"loc":{"start":{"line":103,"column":8},"end":{"line":107,"column":9}},"type":"if","locations":[{"start":{"line":103,"column":8},"end":{"line":107,"column":9}},{"start":{"line":103,"column":8},"end":{"line":107,"column":9}}],"line":103},"2":{"loc":{"start":{"line":120,"column":6},"end":{"line":120,"column":37}},"type":"if","locations":[{"start":{"line":120,"column":6},"end":{"line":120,"column":37}},{"start":{"line":120,"column":6},"end":{"line":120,"column":37}}],"line":120},"3":{"loc":{"start":{"line":122,"column":6},"end":{"line":125,"column":7}},"type":"if","locations":[{"start":{"line":122,"column":6},"end":{"line":125,"column":7}},{"start":{"line":122,"column":6},"end":{"line":125,"column":7}}],"line":122},"4":{"loc":{"start":{"line":149,"column":18},"end":{"line":149,"column":63}},"type":"cond-expr","locations":[{"start":{"line":149,"column":42},"end":{"line":149,"column":51}},{"start":{"line":149,"column":54},"end":{"line":149,"column":63}}],"line":149}},"s":{"0":0,"1":0,"2":0,"3":0,"4":0,"5":0,"6":0,"7":0,"8":0,"9":0,"10":0,"11":0,"12":0,"13":0,"14":0,"15":0,"16":0,"17":0,"18":0,"19":0,"20":0,"21":0,"22":0,"23":0,"24":0,"25":0,"26":0,"27":0,"28":0,"29":0,"30":0,"31":0,"32":0,"33":0,"34":0,"35":0,"36":0,"37":0,"38":0,"39":0,"40":0,"41":0,"42":0,"43":0,"44":0,"45":0},"f":{"0":0,"1":0,"2":0,"3":0,"4":0,"5":0,"6":0,"7":0,"8":0,"9":0,"10":0,"11":0,"12":0,"13":0},"b":{"0":[0,0],"1":[0,0],"2":[0,0],"3":[0,0],"4":[0,0]}}
,"/Users/jorgepires/go/src/github.com/jorgepgomes/App-GoBarber-FrontEnd-Mobile/src/pages/SignIn/index.tsx": {"path":"/Users/jorgepires/go/src/github.com/jorgepgomes/App-GoBarber-FrontEnd-Mobile/src/pages/SignIn/index.tsx","statementMap":{"0":{"start":{"line":41,"column":25},"end":{"line":150,"column":1}},"1":{"start":{"line":42,"column":18},"end":{"line":42,"column":43}},"2":{"start":{"line":43,"column":27},"end":{"line":43,"column":50}},"3":{"start":{"line":44,"column":21},"end":{"line":44,"column":36}},"4":{"start":{"line":46,"column":21},"end":{"line":46,"column":30}},"5":{"start":{"line":48,"column":23},"end":{"line":77,"column":3}},"6":{"start":{"line":50,"column":6},"end":{"line":74,"column":7}},"7":{"start":{"line":51,"column":8},"end":{"line":51,"column":39}},"8":{"start":{"line":52,"column":23},"end":{"line":57,"column":10}},"9":{"start":{"line":59,"column":8},"end":{"line":59,"column":59}},"10":{"start":{"line":61,"column":8},"end":{"line":61,"column":69}},"11":{"start":{"line":63,"column":8},"end":{"line":68,"column":9}},"12":{"start":{"line":64,"column":25},"end":{"line":64,"column":49}},"13":{"start":{"line":65,"column":10},"end":{"line":65,"column":30}},"14":{"start":{"line":66,"column":10},"end":{"line":66,"column":45}},"15":{"start":{"line":67,"column":10},"end":{"line":67,"column":17}},"16":{"start":{"line":70,"column":8},"end":{"line":73,"column":10}},"17":{"start":{"line":79,"column":2},"end":{"line":149,"column":4}},"18":{"start":{"line":106,"column":18},"end":{"line":106,"column":52}},"19":{"start":{"line":117,"column":18},"end":{"line":117,"column":48}},"20":{"start":{"line":122,"column":18},"end":{"line":122,"column":48}},"21":{"start":{"line":131,"column":16},"end":{"line":131,"column":37}},"22":{"start":{"line":142,"column":10},"end":{"line":142,"column":40}}},"fnMap":{"0":{"name":"(anonymous_0)","decl":{"start":{"line":41,"column":25},"end":{"line":41,"column":26}},"loc":{"start":{"line":41,"column":31},"end":{"line":150,"column":1}},"line":41},"1":{"name":"(anonymous_1)","decl":{"start":{"line":49,"column":4},"end":{"line":49,"column":5}},"loc":{"start":{"line":49,"column":36},"end":{"line":75,"column":5}},"line":49},"2":{"name":"(anonymous_2)","decl":{"start":{"line":105,"column":33},"end":{"line":105,"column":34}},"loc":{"start":{"line":105,"column":39},"end":{"line":107,"column":17}},"line":105},"3":{"name":"(anonymous_3)","decl":{"start":{"line":116,"column":33},"end":{"line":116,"column":34}},"loc":{"start":{"line":116,"column":39},"end":{"line":118,"column":17}},"line":116},"4":{"name":"(anonymous_4)","decl":{"start":{"line":121,"column":25},"end":{"line":121,"column":26}},"loc":{"start":{"line":121,"column":31},"end":{"line":123,"column":17}},"line":121},"5":{"name":"(anonymous_5)","decl":{"start":{"line":130,"column":23},"end":{"line":130,"column":24}},"loc":{"start":{"line":130,"column":29},"end":{"line":132,"column":15}},"line":130},"6":{"name":"(anonymous_6)","decl":{"start":{"line":141,"column":17},"end":{"line":141,"column":18}},"loc":{"start":{"line":141,"column":23},"end":{"line":143,"column":9}},"line":141}},"branchMap":{"0":{"loc":{"start":{"line":63,"column":8},"end":{"line":68,"column":9}},"type":"if","locations":[{"start":{"line":63,"column":8},"end":{"line":68,"column":9}},{"start":{"line":63,"column":8},"end":{"line":68,"column":9}}],"line":63},"1":{"loc":{"start":{"line":83,"column":18},"end":{"line":83,"column":63}},"type":"cond-expr","locations":[{"start":{"line":83,"column":42},"end":{"line":83,"column":51}},{"start":{"line":83,"column":54},"end":{"line":83,"column":63}}],"line":83}},"s":{"0":1,"1":1,"2":1,"3":1,"4":1,"5":1,"6":0,"7":0,"8":0,"9":0,"10":0,"11":0,"12":0,"13":0,"14":0,"15":0,"16":0,"17":1,"18":0,"19":0,"20":0,"21":0,"22":0},"f":{"0":1,"1":0,"2":0,"3":0,"4":0,"5":0,"6":0},"b":{"0":[0,0],"1":[1,0]},"_coverageSchema":"1a1c01bbd47fc00a2c39e90264f33305004495a9","hash":"5915dbc4bd5042757cace47463936caf2d3fc799"}
,"/Users/jorgepires/go/src/github.com/jorgepgomes/App-GoBarber-FrontEnd-Mobile/src/pages/SignUp/index.tsx": {"path":"/Users/jorgepires/go/src/github.com/jorgepgomes/App-GoBarber-FrontEnd-Mobile/src/pages/SignUp/index.tsx","statementMap":{"0":{"start":{"line":32,"column":25},"end":{"line":144,"column":1}},"1":{"start":{"line":33,"column":18},"end":{"line":33,"column":43}},"2":{"start":{"line":34,"column":21},"end":{"line":34,"column":36}},"3":{"start":{"line":36,"column":24},"end":{"line":36,"column":47}},"4":{"start":{"line":37,"column":27},"end":{"line":37,"column":50}},"5":{"start":{"line":39,"column":23},"end":{"line":75,"column":3}},"6":{"start":{"line":41,"column":6},"end":{"line":72,"column":7}},"7":{"start":{"line":42,"column":8},"end":{"line":42,"column":39}},"8":{"start":{"line":43,"column":23},"end":{"line":49,"column":10}},"9":{"start":{"line":51,"column":8},"end":{"line":51,"column":59}},"10":{"start":{"line":53,"column":8},"end":{"line":53,"column":39}},"11":{"start":{"line":55,"column":8},"end":{"line":58,"column":10}},"12":{"start":{"line":60,"column":8},"end":{"line":60,"column":28}},"13":{"start":{"line":62,"column":8},"end":{"line":66,"column":9}},"14":{"start":{"line":63,"column":25},"end":{"line":63,"column":49}},"15":{"start":{"line":64,"column":10},"end":{"line":64,"column":45}},"16":{"start":{"line":65,"column":10},"end":{"line":65,"column":17}},"17":{"start":{"line":68,"column":8},"end":{"line":71,"column":10}},"18":{"start":{"line":77,"column":2},"end":{"line":143,"column":4}},"19":{"start":{"line":101,"column":39},"end":{"line":101,"column":69}},"20":{"start":{"line":113,"column":39},"end":{"line":113,"column":72}},"21":{"start":{"line":124,"column":39},"end":{"line":124,"column":68}},"22":{"start":{"line":126,"column":37},"end":{"line":126,"column":66}},"23":{"start":{"line":136,"column":10},"end":{"line":136,"column":30}}},"fnMap":{"0":{"name":"(anonymous_0)","decl":{"start":{"line":32,"column":25},"end":{"line":32,"column":26}},"loc":{"start":{"line":32,"column":31},"end":{"line":144,"column":1}},"line":32},"1":{"name":"(anonymous_1)","decl":{"start":{"line":40,"column":4},"end":{"line":40,"column":5}},"loc":{"start":{"line":40,"column":36},"end":{"line":73,"column":5}},"line":40},"2":{"name":"(anonymous_2)","decl":{"start":{"line":101,"column":33},"end":{"line":101,"column":34}},"loc":{"start":{"line":101,"column":39},"end":{"line":101,"column":69}},"line":101},"3":{"name":"(anonymous_3)","decl":{"start":{"line":113,"column":33},"end":{"line":113,"column":34}},"loc":{"start":{"line":113,"column":39},"end":{"line":113,"column":72}},"line":113},"4":{"name":"(anonymous_4)","decl":{"start":{"line":124,"column":33},"end":{"line":124,"column":34}},"loc":{"start":{"line":124,"column":39},"end":{"line":124,"column":68}},"line":124},"5":{"name":"(anonymous_5)","decl":{"start":{"line":126,"column":31},"end":{"line":126,"column":32}},"loc":{"start":{"line":126,"column":37},"end":{"line":126,"column":66}},"line":126},"6":{"name":"(anonymous_6)","decl":{"start":{"line":135,"column":17},"end":{"line":135,"column":18}},"loc":{"start":{"line":135,"column":23},"end":{"line":137,"column":9}},"line":135}},"branchMap":{"0":{"loc":{"start":{"line":62,"column":8},"end":{"line":66,"column":9}},"type":"if","locations":[{"start":{"line":62,"column":8},"end":{"line":66,"column":9}},{"start":{"line":62,"column":8},"end":{"line":66,"column":9}}],"line":62},"1":{"loc":{"start":{"line":81,"column":18},"end":{"line":81,"column":63}},"type":"cond-expr","locations":[{"start":{"line":81,"column":42},"end":{"line":81,"column":51}},{"start":{"line":81,"column":54},"end":{"line":81,"column":63}}],"line":81}},"s":{"0":0,"1":0,"2":0,"3":0,"4":0,"5":0,"6":0,"7":0,"8":0,"9":0,"10":0,"11":0,"12":0,"13":0,"14":0,"15":0,"16":0,"17":0,"18":0,"19":0,"20":0,"21":0,"22":0,"23":0},"f":{"0":0,"1":0,"2":0,"3":0,"4":0,"5":0,"6":0},"b":{"0":[0,0],"1":[0,0]}}
}
