TN:
SF:src/components/Button/index.tsx
FN:10,(anonymous_0)
FNF:1
FNH:1
FNDA:1,(anonymous_0)
DA:10,1
DA:11,1
LF:2
LH:2
BRF:0
BRH:0
end_of_record
TN:
SF:src/components/Input/index.tsx
FN:28,(anonymous_0)
FN:40,(anonymous_1)
FN:44,(anonymous_2)
FN:49,(anonymous_3)
FN:50,(anonymous_4)
FN:54,(anonymous_5)
FN:59,(anonymous_6)
FN:63,(anonymous_7)
FN:82,(anonymous_8)
FNF:9
FNH:3
FNDA:2,(anonymous_0)
FNDA:0,(anonymous_1)
FNDA:0,(anonymous_2)
FNDA:1,(anonymous_3)
FNDA:0,(anonymous_4)
FNDA:2,(anonymous_5)
FNDA:0,(anonymous_6)
FNDA:0,(anonymous_7)
FNDA:0,(anonymous_8)
DA:28,1
DA:32,2
DA:34,2
DA:35,2
DA:37,2
DA:38,2
DA:40,2
DA:41,0
DA:44,2
DA:45,0
DA:47,0
DA:49,2
DA:51,0
DA:54,2
DA:55,2
DA:60,0
DA:61,0
DA:64,0
DA:65,0
DA:70,2
DA:83,0
LF:21
LH:12
BRDA:29,0,0,2
BRDA:34,1,0,2
BRDA:75,2,0,0
BRDA:75,2,1,2
BRDA:75,3,0,2
BRDA:75,3,1,2
BRF:6
BRH:5
end_of_record
TN:
SF:src/hooks/auth.tsx
FN:37,(anonymous_0)
FN:41,(anonymous_1)
FN:42,loadStorageData
FN:57,(anonymous_3)
FN:72,(anonymous_4)
FN:79,(anonymous_5)
FN:99,useAuth
FNF:7
FNH:1
FNDA:0,(anonymous_0)
FNDA:0,(anonymous_1)
FNDA:0,loadStorageData
FNDA:0,(anonymous_3)
FNDA:0,(anonymous_4)
FNDA:0,(anonymous_5)
FNDA:1,useAuth
DA:35,1
DA:37,1
DA:38,0
DA:39,0
DA:41,0
DA:43,0
DA:47,0
DA:48,0
DA:50,0
DA:52,0
DA:54,0
DA:57,0
DA:58,0
DA:60,0
DA:62,0
DA:67,0
DA:69,0
DA:72,0
DA:73,0
DA:75,0
DA:78,0
DA:80,0
DA:82,0
DA:90,0
DA:100,1
DA:102,1
DA:103,0
DA:106,1
LF:28
LH:5
BRDA:47,0,0,0
BRDA:47,0,1,0
BRDA:47,1,0,0
BRDA:47,1,1,0
BRDA:102,2,0,0
BRDA:102,2,1,1
BRF:6
BRH:1
end_of_record
TN:
SF:src/pages/AppointmentCreated/index.tsx
FN:19,(anonymous_0)
FN:25,(anonymous_1)
FN:36,(anonymous_2)
FNF:3
FNH:0
FNDA:0,(anonymous_0)
FNDA:0,(anonymous_1)
FNDA:0,(anonymous_2)
DA:19,0
DA:20,0
DA:21,0
DA:23,0
DA:25,0
DA:26,0
DA:36,0
DA:37,0
DA:44,0
LF:9
LH:0
BRF:0
BRH:0
end_of_record
TN:
SF:src/pages/CreateAppointment/index.tsx
FN:51,(anonymous_0)
FN:66,(anonymous_1)
FN:69,(anonymous_2)
FN:75,(anonymous_3)
FN:84,(anonymous_4)
FN:89,(anonymous_5)
FN:93,(anonymous_6)
FN:97,(anonymous_7)
FN:98,(anonymous_8)
FN:102,(anonymous_9)
FN:110,(anonymous_10)
FN:114,(anonymous_11)
FN:116,(anonymous_12)
FN:117,(anonymous_13)
FN:126,(anonymous_14)
FN:128,(anonymous_15)
FN:129,(anonymous_16)
FN:138,(anonymous_17)
FN:177,(anonymous_18)
FN:178,(anonymous_19)
FN:181,(anonymous_20)
FN:218,(anonymous_21)
FN:222,(anonymous_22)
FN:238,(anonymous_23)
FN:242,(anonymous_24)
FNF:25
FNH:0
FNDA:0,(anonymous_0)
FNDA:0,(anonymous_1)
FNDA:0,(anonymous_2)
FNDA:0,(anonymous_3)
FNDA:0,(anonymous_4)
FNDA:0,(anonymous_5)
FNDA:0,(anonymous_6)
FNDA:0,(anonymous_7)
FNDA:0,(anonymous_8)
FNDA:0,(anonymous_9)
FNDA:0,(anonymous_10)
FNDA:0,(anonymous_11)
FNDA:0,(anonymous_12)
FNDA:0,(anonymous_13)
FNDA:0,(anonymous_14)
FNDA:0,(anonymous_15)
FNDA:0,(anonymous_16)
FNDA:0,(anonymous_17)
FNDA:0,(anonymous_18)
FNDA:0,(anonymous_19)
FNDA:0,(anonymous_20)
FNDA:0,(anonymous_21)
FNDA:0,(anonymous_22)
FNDA:0,(anonymous_23)
FNDA:0,(anonymous_24)
DA:51,0
DA:52,0
DA:53,0
DA:54,0
DA:55,0
DA:57,0
DA:58,0
DA:59,0
DA:62,0
DA:63,0
DA:64,0
DA:66,0
DA:67,0
DA:70,0
DA:75,0
DA:76,0
DA:85,0
DA:89,0
DA:90,0
DA:93,0
DA:94,0
DA:97,0
DA:98,0
DA:101,0
DA:103,0
DA:105,0
DA:110,0
DA:111,0
DA:114,0
DA:115,0
DA:116,0
DA:118,0
DA:126,0
DA:127,0
DA:128,0
DA:130,0
DA:138,0
DA:139,0
DA:140,0
DA:142,0
DA:143,0
DA:145,0
DA:150,0
DA:152,0
DA:159,0
DA:177,0
DA:179,0
DA:181,0
DA:219,0
DA:222,0
DA:239,0
DA:242,0
LF:52
LH:0
BRDA:103,0,0,0
BRDA:103,0,1,0
BRDA:105,1,0,0
BRDA:105,1,1,0
BRDA:201,2,0,0
BRDA:201,2,1,0
BRF:6
BRH:0
end_of_record
TN:
SF:src/pages/Dashboard/index.tsx
FN:30,(anonymous_0)
FN:36,(anonymous_1)
FN:39,(anonymous_2)
FN:45,(anonymous_3)
FN:50,(anonymous_4)
FN:70,(anonymous_5)
FN:74,(anonymous_6)
FN:76,(anonymous_7)
FNF:8
FNH:0
FNDA:0,(anonymous_0)
FNDA:0,(anonymous_1)
FNDA:0,(anonymous_2)
FNDA:0,(anonymous_3)
FNDA:0,(anonymous_4)
FNDA:0,(anonymous_5)
FNDA:0,(anonymous_6)
FNDA:0,(anonymous_7)
DA:30,0
DA:31,0
DA:33,0
DA:34,0
DA:36,0
DA:37,0
DA:40,0
DA:45,0
DA:46,0
DA:49,0
DA:51,0
DA:56,0
DA:70,0
DA:75,0
DA:76,0
LF:15
LH:0
BRF:0
BRH:0
end_of_record
TN:
SF:src/pages/Profile/index.tsx
FN:39,(anonymous_0)
FN:51,(anonymous_1)
FN:61,(anonymous_2)
FN:67,(anonymous_3)
FN:118,(anonymous_4)
FN:119,(anonymous_5)
FN:135,(anonymous_6)
FN:141,(anonymous_7)
FN:175,(anonymous_8)
FN:187,(anonymous_9)
FN:199,(anonymous_10)
FN:210,(anonymous_11)
FN:221,(anonymous_12)
FN:224,(anonymous_13)
FNF:14
FNH:0
FNDA:0,(anonymous_0)
FNDA:0,(anonymous_1)
FNDA:0,(anonymous_2)
FNDA:0,(anonymous_3)
FNDA:0,(anonymous_4)
FNDA:0,(anonymous_5)
FNDA:0,(anonymous_6)
FNDA:0,(anonymous_7)
FNDA:0,(anonymous_8)
FNDA:0,(anonymous_9)
FNDA:0,(anonymous_10)
FNDA:0,(anonymous_11)
FNDA:0,(anonymous_12)
FNDA:0,(anonymous_13)
DA:39,0
DA:40,0
DA:42,0
DA:43,0
DA:45,0
DA:46,0
DA:47,0
DA:48,0
DA:50,0
DA:52,0
DA:53,0
DA:54,0
DA:61,0
DA:67,0
DA:80,0
DA:82,0
DA:94,0
DA:96,0
DA:97,0
DA:99,0
DA:101,0
DA:103,0
DA:104,0
DA:105,0
DA:106,0
DA:109,0
DA:118,0
DA:119,0
DA:120,0
DA:122,0
DA:123,0
DA:124,0
DA:127,0
DA:129,0
DA:135,0
DA:136,0
DA:141,0
DA:142,0
DA:145,0
DA:175,0
DA:187,0
DA:199,0
DA:210,0
DA:221,0
DA:224,0
LF:45
LH:0
BRDA:85,0,0,0
BRDA:85,0,1,0
BRDA:103,1,0,0
BRDA:103,1,1,0
BRDA:120,2,0,0
BRDA:120,2,1,0
BRDA:122,3,0,0
BRDA:122,3,1,0
BRDA:149,4,0,0
BRDA:149,4,1,0
BRF:10
BRH:0
end_of_record
TN:
SF:src/pages/SignIn/index.tsx
FN:41,(anonymous_0)
FN:49,(anonymous_1)
FN:105,(anonymous_2)
FN:116,(anonymous_3)
FN:121,(anonymous_4)
FN:130,(anonymous_5)
FN:141,(anonymous_6)
FNF:7
FNH:1
FNDA:1,(anonymous_0)
FNDA:0,(anonymous_1)
FNDA:0,(anonymous_2)
FNDA:0,(anonymous_3)
FNDA:0,(anonymous_4)
FNDA:0,(anonymous_5)
FNDA:0,(anonymous_6)
DA:41,1
DA:42,1
DA:43,1
DA:44,1
DA:46,1
DA:48,1
DA:50,0
DA:51,0
DA:52,0
DA:59,0
DA:61,0
DA:63,0
DA:64,0
DA:65,0
DA:66,0
DA:67,0
DA:70,0
DA:79,1
DA:106,0
DA:117,0
DA:122,0
DA:131,0
DA:142,0
LF:23
LH:7
BRDA:63,0,0,0
BRDA:63,0,1,0
BRDA:83,1,0,1
BRDA:83,1,1,0
BRF:4
BRH:1
end_of_record
TN:
SF:src/pages/SignUp/index.tsx
FN:32,(anonymous_0)
FN:40,(anonymous_1)
FN:101,(anonymous_2)
FN:113,(anonymous_3)
FN:124,(anonymous_4)
FN:126,(anonymous_5)
FN:135,(anonymous_6)
FNF:7
FNH:0
FNDA:0,(anonymous_0)
FNDA:0,(anonymous_1)
FNDA:0,(anonymous_2)
FNDA:0,(anonymous_3)
FNDA:0,(anonymous_4)
FNDA:0,(anonymous_5)
FNDA:0,(anonymous_6)
DA:32,0
DA:33,0
DA:34,0
DA:36,0
DA:37,0
DA:39,0
DA:41,0
DA:42,0
DA:43,0
DA:51,0
DA:53,0
DA:55,0
DA:60,0
DA:62,0
DA:63,0
DA:64,0
DA:65,0
DA:68,0
DA:77,0
DA:101,0
DA:113,0
DA:124,0
DA:126,0
DA:136,0
LF:24
LH:0
BRDA:62,0,0,0
BRDA:62,0,1,0
BRDA:81,1,0,0
BRDA:81,1,1,0
BRF:4
BRH:0
end_of_record
